<?xml version='1.0' encoding='UTF-8' ?>
<testsuite name="dev.telemachus.display.InternetMainActivityAcceptanceInstrumentedTest" tests="1" failures="0" errors="0" skipped="0" time="3.569" timestamp="2026-09-15T20:03:06" hostname="localhost">
  <properties>
    <property name="device" value="P0110 - 16" />
    <property name="flavor" value="" />
    <property name="project" value=":app" />
  </properties>
  <testcase name="pairingLeaseRevokeAndRepairAreAcceptedThroughMainActivity" classname="dev.telemachus.display.InternetMainActivityAcceptanceInstrumentedTest" time="2.963" />
</testsuite>