<?xml version="1.0" encoding="UTF-8"?>
<testsuite name="dev.telemachus.display.MainActivitySettingsAccessibilityContractTest" tests="2" skipped="0" failures="0" errors="0" timestamp="2026-09-07T16:45:43" hostname="Mac.local" time="0.016">
  <properties/>
  <testcase name="controlBarManagedPolicyDenialKeepsDisabledControlsExplainable" classname="dev.telemachus.display.MainActivitySettingsAccessibilityContractTest" time="0.01"/>
  <testcase name="unavailableVideoAndGestureControlsUseSharedAccessibilityApplier" classname="dev.telemachus.display.MainActivitySettingsAccessibilityContractTest" time="0.006"/>
  <system-out><![CDATA[]]></system-out>
  <system-err><![CDATA[]]></system-err>
</testsuite>
