<?xml version="1.0" encoding="UTF-8"?>
<testsuite name="dev.telemachus.display.DesignTokenContrastTest" tests="9" skipped="0" failures="0" errors="0" timestamp="2026-09-07T16:45:43" hostname="Mac.local" time="0.022">
  <properties/>
  <testcase name="lightUncheckedSwitchTokensKeepTrackAndThumbDistinct" classname="dev.telemachus.display.DesignTokenContrastTest" time="0.008"/>
  <testcase name="lightMutedSubtleAndFaintTokensKeepVisibilityHierarchy" classname="dev.telemachus.display.DesignTokenContrastTest" time="0.001"/>
  <testcase name="lightSmallTextTokensMeetWcagContrast" classname="dev.telemachus.display.DesignTokenContrastTest" time="0.002"/>
  <testcase name="darkModeToggleStrokeMeetsNonTextContrastInAllStates" classname="dev.telemachus.display.DesignTokenContrastTest" time="0.003"/>
  <testcase name="lightOutlineStrongTokenMeetsNonTextContrast" classname="dev.telemachus.display.DesignTokenContrastTest" time="0.001"/>
  <testcase name="darkOutlineStrongTokenMeetsNonTextContrast" classname="dev.telemachus.display.DesignTokenContrastTest" time="0.001"/>
  <testcase name="darkSmallTextTokensMeetWcagContrast" classname="dev.telemachus.display.DesignTokenContrastTest" time="0.002"/>
  <testcase name="lightModeToggleStrokeMeetsNonTextContrastInAllStates" classname="dev.telemachus.display.DesignTokenContrastTest" time="0.003"/>
  <testcase name="darkUncheckedSwitchTokensKeepTrackAndThumbDistinct" classname="dev.telemachus.display.DesignTokenContrastTest" time="0.001"/>
  <system-out><![CDATA[]]></system-out>
  <system-err><![CDATA[]]></system-err>
</testsuite>
