<?xml version="1.0" encoding="UTF-8"?>
<testsuite name="dev.telemachus.display.ConnectionSubtitleDisclosurePolicyTest" tests="4" skipped="0" failures="0" errors="0" timestamp="2026-09-07T16:45:43" hostname="Mac.local" time="0.001">
  <properties/>
  <testcase name="disclosure state resets after expansion" classname="dev.telemachus.display.ConnectionSubtitleDisclosurePolicyTest" time="0.001"/>
  <testcase name="large layout pressure still keeps guidance fully readable" classname="dev.telemachus.display.ConnectionSubtitleDisclosurePolicyTest" time="0.0"/>
  <testcase name="landscape Internet and every local mode always show complete guidance" classname="dev.telemachus.display.ConnectionSubtitleDisclosurePolicyTest" time="0.0"/>
  <testcase name="portrait Internet keeps security details fully visible" classname="dev.telemachus.display.ConnectionSubtitleDisclosurePolicyTest" time="0.0"/>
  <system-out><![CDATA[]]></system-out>
  <system-err><![CDATA[]]></system-err>
</testsuite>
