<?xml version='1.0' encoding='UTF-8' ?>
<testsuite name="dev.telemachus.display.ShareFileIntentInstrumentedTest" tests="7" failures="0" errors="0" skipped="0" time="5.577" timestamp="2026-09-15T13:46:32" hostname="localhost">
  <properties>
    <property name="device" value="P0110 - 16" />
    <property name="flavor" value="" />
    <property name="project" value=":app" />
  </properties>
  <testcase name="actionSendMultipleWithOneContentUriRemainsPendingWithoutReadingSourceWhenNoHostExists" classname="dev.telemachus.display.ShareFileIntentInstrumentedTest" time="0.935" />
  <testcase name="actionSendMultipleWithMultipleItemsIsRejectedWithoutReadingSourcesWhenNoHostExists" classname="dev.telemachus.display.ShareFileIntentInstrumentedTest" time="0.784" />
  <testcase name="manifestResolvesActionSendMultipleFileShareTarget" classname="dev.telemachus.display.ShareFileIntentInstrumentedTest" time="0.003" />
  <testcase name="noHostShareRemainsPendingWithoutReadingContentUri" classname="dev.telemachus.display.ShareFileIntentInstrumentedTest" time="0.787" />
  <testcase name="actionSendMultipleWithBareUriExtraIsRejectedWithoutReadingSourceWhenNoHostExists" classname="dev.telemachus.display.ShareFileIntentInstrumentedTest" time="0.727" />
  <testcase name="clipDataOnlyShareIsAcceptedWithoutReadingSourceWhenNoHostExists" classname="dev.telemachus.display.ShareFileIntentInstrumentedTest" time="0.749" />
  <testcase name="repeatedShareOfSameUriIsHandledAsANewUserAction" classname="dev.telemachus.display.ShareFileIntentInstrumentedTest" time="0.75" />
</testsuite>