<?xml version="1.0" encoding="UTF-8"?>
<testsuite name="dev.telemachus.display.WirelessTabControllerContractTest" tests="6" skipped="0" failures="0" errors="0" timestamp="2026-09-11T09:36:54" hostname="Mac.local" time="0.008">
  <properties/>
  <testcase name="pairedIdleStateClearsCountdownAndKeepsReconnectActionReady" classname="dev.telemachus.display.WirelessTabControllerContractTest" time="0.0"/>
  <testcase name="wirelessLifecycleRoutesThroughExpectedStatePanels" classname="dev.telemachus.display.WirelessTabControllerContractTest" time="0.001"/>
  <testcase name="temporaryCameraDenialReturnsToReadableScanEntry" classname="dev.telemachus.display.WirelessTabControllerContractTest" time="0.001"/>
  <testcase name="trustedNetworkConfirmationUsesMaterialImmersiveDialogWithLifecycleGuard" classname="dev.telemachus.display.WirelessTabControllerContractTest" time="0.003"/>
  <testcase name="connectAndRepairCopyUsesStringResourcesWithoutWarningEmoji" classname="dev.telemachus.display.WirelessTabControllerContractTest" time="0.002"/>
  <testcase name="scheduledReconnectShowsRetryCardAndStateTransitionsHideTerminalPanels" classname="dev.telemachus.display.WirelessTabControllerContractTest" time="0.001"/>
  <system-out><![CDATA[]]></system-out>
  <system-err><![CDATA[]]></system-err>
</testsuite>
