<?xml version='1.0' encoding='UTF-8' ?>
<testsuite name="dev.telemachus.display.ConnectionGuidanceLayoutInstrumentedTest" tests="135" failures="0" errors="0" skipped="0" time="128.183" timestamp="2026-09-14T13:58:39" hostname="localhost">
  <properties>
    <property name="device" value="P0110 - 16" />
    <property name="flavor" value="" />
    <property name="project" value=":app" />
  </properties>
  <testcase name="hiddenInternetSettingsDoesNotLeaveLeadingSecondaryActionGap" classname="dev.telemachus.display.ConnectionGuidanceLayoutInstrumentedTest" time="0.09" />
  <testcase name="primaryActionSelfSizingSurvivesNarrowWideRoundTripsAtLargeFontScales" classname="dev.telemachus.display.ConnectionGuidanceLayoutInstrumentedTest" time="0.181" />
  <testcase name="openSourceLicensesButtonOpensPackagedNoticesDialog" classname="dev.telemachus.display.ConnectionGuidanceLayoutInstrumentedTest" time="2.147" />
  <testcase name="narrowTwoColumnLandscapeLargeTextStacksLongActionLabelsWithoutClipping" classname="dev.telemachus.display.ConnectionGuidanceLayoutInstrumentedTest" time="0.093" />
  <testcase name="materialButtonReadableWidthCountsIconSpaceOnce" classname="dev.telemachus.display.ConnectionGuidanceLayoutInstrumentedTest" time="0.034" />
  <testcase name="landscapeToPortraitSecondLayoutKeepsActionRowsStackedForNarrowWidth" classname="dev.telemachus.display.ConnectionGuidanceLayoutInstrumentedTest" time="0.064" />
  <testcase name="narrowDisconnectedPanelUsesInlineSettingsButtonWithoutCoveringConnect" classname="dev.telemachus.display.ConnectionGuidanceLayoutInstrumentedTest" time="0.063" />
  <testcase name="narrowPortraitKeepsInternetSecondaryActionsReadableAtLargeFontScale" classname="dev.telemachus.display.ConnectionGuidanceLayoutInstrumentedTest" time="0.036" />
  <testcase name="wideTwoColumnLandscapeDefaultTextKeepsActionRowsHorizontal" classname="dev.telemachus.display.ConnectionGuidanceLayoutInstrumentedTest" time="0.093" />
  <testcase name="xiaomi13RotationReappliesLandscapeDimensionsWithoutReinflatingTheViewTree" classname="dev.telemachus.display.ConnectionGuidanceLayoutInstrumentedTest" time="0.037" />
  <testcase name="narrowTwoColumnLandscapeLargeTextStacksActionRowsWithoutClipping" classname="dev.telemachus.display.ConnectionGuidanceLayoutInstrumentedTest" time="0.182" />
  <testcase name="defaultFontKeepsInternetProfileActionsSideBySide" classname="dev.telemachus.display.ConnectionGuidanceLayoutInstrumentedTest" time="0.068" />
  <testcase name="portraitToExpandedLandscapeKeepsModeToggleHorizontalAcrossSecondLayout" classname="dev.telemachus.display.ConnectionGuidanceLayoutInstrumentedTest" time="0.076" />
  <testcase name="narrowPortraitLargeTextKeepsLegalFooterReachableReadableAndTouchable" classname="dev.telemachus.display.ConnectionGuidanceLayoutInstrumentedTest" time="0.127" />
  <testcase name="connectionPanelOuterGeometrySurvivesMultiWindowWidthRoundTrip" classname="dev.telemachus.display.ConnectionGuidanceLayoutInstrumentedTest" time="0.034" />
  <testcase name="xiaomi13PortraitAndLandscapeKeepModeGuidanceReadableAndSeparated" classname="dev.telemachus.display.ConnectionGuidanceLayoutInstrumentedTest" time="0.182" />
  <testcase name="wideLandscapeKeepsInlineSettingsButtonWithoutFloatingPolicy" classname="dev.telemachus.display.ConnectionGuidanceLayoutInstrumentedTest" time="0.063" />
  <testcase name="p0110LandscapeLargeTextKeepsInternetConnectPreviewOnFirstScreen" classname="dev.telemachus.display.ConnectionGuidanceLayoutInstrumentedTest" time="0.063" />
  <testcase name="connectionPanelOuterGeometryRebindsPhoneAndWideResourcesWithoutReinflating" classname="dev.telemachus.display.ConnectionGuidanceLayoutInstrumentedTest" time="0.067" />
  <testcase name="portraitToWideLandscapeUsesConfigurationWidthBeforeSecondLayout" classname="dev.telemachus.display.ConnectionGuidanceLayoutInstrumentedTest" time="0.062" />
  <testcase name="narrowPortraitKeepsUsbRetryDiagnosticsReadableAtMaxFontScale" classname="dev.telemachus.display.ConnectionGuidanceLayoutInstrumentedTest" time="0.065" />
  <testcase name="p0110LandscapeLargeTextKeepsUsbRetryFirstAndGuidanceScrollable" classname="dev.telemachus.display.ConnectionGuidanceLayoutInstrumentedTest" time="0.038" />
  <testcase name="narrowPortraitKeepsModeTouchTargetsAtDefaultFontScale" classname="dev.telemachus.display.ConnectionGuidanceLayoutInstrumentedTest" time="0.053" />
  <testcase name="xiaomi13LandscapeKeepsLongestUsbLanAndInternetErrorsReadable" classname="dev.telemachus.display.ConnectionGuidanceLayoutInstrumentedTest" time="0.061" />
  <testcase name="narrowPortraitKeepsInternetProfileActionsReadableAtLargeFontScale" classname="dev.telemachus.display.ConnectionGuidanceLayoutInstrumentedTest" time="0.086" />
  <testcase name="disconnectedInternetSecondaryActionsKeepSettingsFlushAtLargeFontScale" classname="dev.telemachus.display.ConnectionGuidanceLayoutInstrumentedTest" time="0.032" />
  <testcase name="expandedTwoColumnLargeTextKeepsDefaultActionLabelsHorizontal" classname="dev.telemachus.display.ConnectionGuidanceLayoutInstrumentedTest" time="0.067" />
  <testcase name="nubiaP0110AndXiaomi13PortraitKeepConnectPreviewOnTheFirstScreen" classname="dev.telemachus.display.ConnectionGuidanceLayoutInstrumentedTest" time="0.124" />
  <testcase name="expandedTwoColumnLargeTextStacksVeryLongActionLabelsByMeasuredWidth" classname="dev.telemachus.display.ConnectionGuidanceLayoutInstrumentedTest" time="0.06" />
  <testcase name="expandedTwoColumnDefaultTextStacksVeryLongActionLabelsByMeasuredWidth" classname="dev.telemachus.display.ConnectionGuidanceLayoutInstrumentedTest" time="0.091" />
  <testcase name="narrowPortraitLargeTextKeepsWirelessSecondaryActionsReadable" classname="dev.telemachus.display.ConnectionGuidanceLayoutInstrumentedTest" time="0.112" />
  <testcase name="narrowPortraitLargeTextKeepsWirelessAndInternetPrimaryActionsSelfSizing" classname="dev.telemachus.display.ConnectionGuidanceLayoutInstrumentedTest" time="0.246" />
  <testcase name="defaultFontKeepsInternetSecondaryActionsSideBySide" classname="dev.telemachus.display.ConnectionGuidanceLayoutInstrumentedTest" time="0.033" />
  <testcase name="narrowPortraitKeepsModeLabelsReadableAtLargeFontScale" classname="dev.telemachus.display.ConnectionGuidanceLayoutInstrumentedTest" time="0.066" />
  <testcase name="hiddenInternetSettingsDoesNotLeaveHorizontalLeadingSecondaryActionGap" classname="dev.telemachus.display.ConnectionGuidanceLayoutInstrumentedTest" time="0.036" />
  <testcase name="productionLayoutDoesNotPreRenderModeSpecificGuidance" classname="dev.telemachus.display.ConnectionStateAccessibilityInstrumentedTest" time="0.071" />
  <testcase name="connectionGuidanceRegionsExposeGroupedScreenReaderStatus" classname="dev.telemachus.display.ConnectionStateAccessibilityInstrumentedTest" time="0.034" />
  <testcase name="internetRouteToggleDoesNotAutosizeBelowReadableText" classname="dev.telemachus.display.ConnectionStateAccessibilityInstrumentedTest" time="0.033" />
  <testcase name="connectionDetailsMeetsTouchTargetAndKeepsItsFullLabel" classname="dev.telemachus.display.ConnectionStateAccessibilityInstrumentedTest" time="0.114" />
  <testcase name="hiddenLiveRegionMessageReannouncesTheSameErrorWhenShownAgain" classname="dev.telemachus.display.ConnectionStateAccessibilityInstrumentedTest" time="0.063" />
  <testcase name="internetSecurityDescriptionStaysFullyVisibleWithoutDisclosureActions" classname="dev.telemachus.display.ConnectionStateAccessibilityInstrumentedTest" time="0.031" />
  <testcase name="wirelessRepairGuidanceExposesFullScreenReaderStatus" classname="dev.telemachus.display.ConnectionStateAccessibilityInstrumentedTest" time="0.061" />
  <testcase name="productionConnectionStatesUsePoliteLiveRegions" classname="dev.telemachus.display.ConnectionStateAccessibilityInstrumentedTest" time="0.057" />
  <testcase name="p0110ModeToggleKeepsInternetReadableWithLargeText" classname="dev.telemachus.display.ConnectionStateAccessibilityInstrumentedTest" time="0.031" />
  <testcase name="internetSecurityDescriptionStaysVisibleAfterModeAndConfigurationChanges" classname="dev.telemachus.display.ConnectionStateAccessibilityInstrumentedTest" time="0.124" />
  <testcase name="productionModeToggleHasReadableCheckedAndDistinctDisabledStates" classname="dev.telemachus.display.ConnectionStateAccessibilityInstrumentedTest" time="0.06" />
  <testcase name="productionUsbConnectVisuallyDistinguishesEnabledAndDisabledStates" classname="dev.telemachus.display.ConnectionStateAccessibilityInstrumentedTest" time="0.033" />
  <testcase name="productionChecklistReportsEveryTransportLabelAndHighlightsFailures" classname="dev.telemachus.display.ConnectionStateAccessibilityInstrumentedTest" time="0.033" />
  <testcase name="wirelessLanStateMachineKeepsPanelsMutuallyExclusiveAndActionsCurrent" classname="dev.telemachus.display.ConnectionStateAccessibilityInstrumentedTest" time="0.035" />
  <testcase name="p0110UsbErrorCopyKeepsChecklistReachableWithLargeText" classname="dev.telemachus.display.ConnectionStateAccessibilityInstrumentedTest" time="0.098" />
  <testcase name="connectedStatusAnnouncementUsesVisibleStreamChromeAndDeduplicates" classname="dev.telemachus.display.ConnectionStateAccessibilityInstrumentedTest" time="0.04" />
  <testcase name="liveRegionTextOnlyChangesForNewContent" classname="dev.telemachus.display.ConnectionStateAccessibilityInstrumentedTest" time="0.006" />
  <testcase name="splitWindowProgressKeepsFullAccessibilityLabelAndButtonTargetsAtLargeFontScale" classname="dev.telemachus.display.ControlBarLayoutInstrumentedTest" time="0.181" />
  <testcase name="resourceGeometryUsesExactPixelsAtNonIntegerDensityBoundaries" classname="dev.telemachus.display.ControlBarLayoutInstrumentedTest" time="0.398" />
  <testcase name="safeInsetsAndRepeatedResizeReapplyTheProductionLayout" classname="dev.telemachus.display.ControlBarLayoutInstrumentedTest" time="0.035" />
  <testcase name="columnModeGivesActiveTransferProgressTheFullActionWidthAtLargeFontScale" classname="dev.telemachus.display.ControlBarLayoutInstrumentedTest" time="0.083" />
  <testcase name="phoneWidthsUseProductionLayoutAndPreserveTouchTargets" classname="dev.telemachus.display.ControlBarLayoutInstrumentedTest" time="0.096" />
  <testcase name="productionRevealActionRestoresHiddenStreamControls" classname="dev.telemachus.display.ControlBarLayoutInstrumentedTest" time="0.057" />
  <testcase name="pendingClipboardStatusUsesSharedRowWithoutShrinkingControls" classname="dev.telemachus.display.ControlBarLayoutInstrumentedTest" time="0.036" />
  <testcase name="activeFileTransferProgressPreservesControlBarGeometryOnPhoneWidths" classname="dev.telemachus.display.ControlBarLayoutInstrumentedTest" time="0.094" />
  <testcase name="smallTabletWidthKeepsStreamControlsInlineWithReadableLabels" classname="dev.telemachus.display.ControlBarLayoutInstrumentedTest" time="0.064" />
  <testcase name="statsOverlayStacksInsideNarrowSafeWindows" classname="dev.telemachus.display.ControlBarLayoutInstrumentedTest" time="0.033" />
  <testcase name="revealActionIsARealClickableNodeOnlyWhileConnectedChromeIsHidden" classname="dev.telemachus.display.ControlBarLayoutInstrumentedTest" time="0.064" />
  <testcase name="productionApplierCoversStackedColumnAndHiddenSelectorBoundaries" classname="dev.telemachus.display.ControlBarLayoutInstrumentedTest" time="0.646" />
  <testcase name="productionBinderDisablesDisplaySelectorWhileSwitchIsPending" classname="dev.telemachus.display.ControlBarLayoutInstrumentedTest" time="0.063" />
  <testcase name="hiddenSelectorUsesExactCompactBoundariesAtNonIntegerDensity" classname="dev.telemachus.display.ControlBarLayoutInstrumentedTest" time="0.202" />
  <testcase name="statsOverlayKeepsSingleRowWhenAllColumnsFit" classname="dev.telemachus.display.ControlBarLayoutInstrumentedTest" time="0.038" />
  <testcase name="productionBinderClearsStaleDisplayStateWhenSelectionIsUnavailable" classname="dev.telemachus.display.ControlBarLayoutInstrumentedTest" time="0.039" />
  <testcase name="fileTransferControlPreservesTouchTargetsWhenVisible" classname="dev.telemachus.display.ControlBarLayoutInstrumentedTest" time="0.119" />
  <testcase name="transferReadinessUsesSinglePoliteLiveRegion" classname="dev.telemachus.display.SettingsDialogLayoutInstrumentedTest" time="0.033" />
  <testcase name="scaleModeGroupStacksInResponsiveProductionLayoutOnNarrowLargeText" classname="dev.telemachus.display.SettingsDialogLayoutInstrumentedTest" time="0.065" />
  <testcase name="settingsActionButtonsGrowToTwoLinesForLongLabels" classname="dev.telemachus.display.SettingsDialogLayoutInstrumentedTest" time="0.037" />
  <testcase name="capabilityCopyStaysReadableScrollableAndRestoresAfterResponsiveReflow" classname="dev.telemachus.display.SettingsDialogLayoutInstrumentedTest" time="0.12" />
  <testcase name="unavailableVideoControlsExposeNoteInsteadOfDeadControls" classname="dev.telemachus.display.SettingsDialogLayoutInstrumentedTest" time="0.204" />
  <testcase name="audioReadinessCardStaysReadableAndUsesSinglePoliteLiveRegion" classname="dev.telemachus.display.SettingsDialogLayoutInstrumentedTest" time="0.26" />
  <testcase name="videoChoiceGroupsPreserveSelectionAcrossPhoneAndLandscapeReflows" classname="dev.telemachus.display.SettingsDialogLayoutInstrumentedTest" time="0.124" />
  <testcase name="p0110LandscapeInitialSettingsViewportShowsSustainedUseAndVideoChoices" classname="dev.telemachus.display.SettingsDialogLayoutInstrumentedTest" time="0.061" />
  <testcase name="unavailableGestureShortcutControlsExposeNoteInsteadOfDeadControls" classname="dev.telemachus.display.SettingsDialogLayoutInstrumentedTest" time="0.192" />
  <testcase name="showStatsRowKeepsHorizontalLayoutWhenContentFits" classname="dev.telemachus.display.SettingsDialogLayoutInstrumentedTest" time="0.03" />
  <testcase name="sixHundredDpPortraitWindowKeepsOneSettingsColumn" classname="dev.telemachus.display.SettingsDialogLayoutInstrumentedTest" time="0.033" />
  <testcase name="largeTextStacksOptionGroupsWithoutClipping" classname="dev.telemachus.display.SettingsDialogLayoutInstrumentedTest" time="0.216" />
  <testcase name="wideWindowKeepsOptionGroupsHorizontal" classname="dev.telemachus.display.SettingsDialogLayoutInstrumentedTest" time="0.004" />
  <testcase name="showStatsRowRestoresLayoutAcrossNarrowWideReflow" classname="dev.telemachus.display.SettingsDialogLayoutInstrumentedTest" time="0.057" />
  <testcase name="opacitySliderKeepsAccessibilityContract" classname="dev.telemachus.display.SettingsDialogLayoutInstrumentedTest" time="0.031" />
  <testcase name="smallTabletPortraitAndLandscapeKeepSustainedUseStatusReadable" classname="dev.telemachus.display.SettingsDialogLayoutInstrumentedTest" time="0.117" />
  <testcase name="smallTabletLandscapeUsesTwoSettingsColumnsWithoutLosingActions" classname="dev.telemachus.display.SettingsDialogLayoutInstrumentedTest" time="0.002" />
  <testcase name="repeatedResponsiveLayoutPreservesToggleSelectionAndSemantics" classname="dev.telemachus.display.SettingsDialogLayoutInstrumentedTest" time="0.031" />
  <testcase name="settingsActionButtonsRestoreWrappingAfterRotationReflow" classname="dev.telemachus.display.SettingsDialogLayoutInstrumentedTest" time="0.06" />
  <testcase name="videoAndGestureChoiceLabelsKeepTalkBackSemantics" classname="dev.telemachus.display.SettingsDialogLayoutInstrumentedTest" time="0.177" />
  <testcase name="narrowPhoneWindowsStackOptionGroupsWithoutClipping" classname="dev.telemachus.display.SettingsDialogLayoutInstrumentedTest" time="0.09" />
  <testcase name="showStatsRowStaysReadableAndReachableOnNarrowLargeText" classname="dev.telemachus.display.SettingsDialogLayoutInstrumentedTest" time="0.181" />
  <testcase name="smallTabletPortraitKeepsSettingsSingleColumnForReadableCards" classname="dev.telemachus.display.SettingsDialogLayoutInstrumentedTest" time="0.062" />
  <testcase name="allChoiceGroupsStayDistinctOnLargeTextPhonesAndShortLandscape" classname="dev.telemachus.display.SettingsDialogLayoutInstrumentedTest" time="0.175" />
  <testcase name="settingsActionButtonsWrapWithoutEllipsizingAcrossCompactWindows" classname="dev.telemachus.display.SettingsDialogLayoutInstrumentedTest" time="0.285" />
  <testcase name="settingsSectionsExposeScreenReaderHeadings" classname="dev.telemachus.display.SettingsDialogLayoutInstrumentedTest" time="0.032" />
  <testcase name="videoBitrateSliderKeepsVisibleLabelSemanticsOnNarrowLargeText" classname="dev.telemachus.display.SettingsDialogLayoutInstrumentedTest" time="0.192" />
  <testcase name="sixHundredDpLandscapeWindowUsesTwoSettingsColumns" classname="dev.telemachus.display.SettingsDialogLayoutInstrumentedTest" time="0.043" />
  <testcase name="capturesSustainedUseStatusEvidenceImages" classname="dev.telemachus.display.SettingsDialogLayoutInstrumentedTest" time="0.65" />
  <testcase name="videoChoiceGroupsRemainReadableOnLargeTextPhonesAndShortLandscape" classname="dev.telemachus.display.SettingsDialogLayoutInstrumentedTest" time="0.392" />
  <testcase name="productionInternetActionsDistinguishEnabledAndDisabledStates" classname="dev.telemachus.display.InternetControlStateColorsInstrumentedTest" time="0.033" />
  <testcase name="productionRouteToggleDistinguishesCheckedAndUncheckedStates" classname="dev.telemachus.display.InternetControlStateColorsInstrumentedTest" time="0.03" />
  <testcase name="productionBuilderConstrainsPairingDialogContent" classname="dev.telemachus.display.InternetPairingDialogLayoutInstrumentedTest" time="5.178" />
  <testcase name="imeConstrainedImportDialogKeepsLabelInputAndErrorReachable" classname="dev.telemachus.display.InternetPairingDialogLayoutInstrumentedTest" time="0.032" />
  <testcase name="imeConstrainedPairingDialogKeepsAcceptanceInputReachable" classname="dev.telemachus.display.InternetPairingDialogLayoutInstrumentedTest" time="0.037" />
  <testcase name="importDialogUsesProtectedMultiLineInputWithoutHorizontalScroll" classname="dev.telemachus.display.InternetPairingDialogLayoutInstrumentedTest" time="0.215" />
  <testcase name="narrowPhoneKeepsPairingDialogContentReadableAndScrollable" classname="dev.telemachus.display.InternetPairingDialogLayoutInstrumentedTest" time="0.293" />
  <testcase name="readableActionLayoutWrapsLongLocalizedActionWithoutClipping" classname="dev.telemachus.display.InternetPairingDialogLayoutInstrumentedTest" time="1.315" />
  <testcase name="productionBuilderConstrainsImportDialogContentAndButtons" classname="dev.telemachus.display.InternetPairingDialogLayoutInstrumentedTest" time="10.932" />
  <testcase name="remainingBusinessConfirmationsKeepLongActionsReadable" classname="dev.telemachus.display.InternetPairingDialogLayoutInstrumentedTest" time="16.191" />
  <testcase name="regularPortraitCapsTargetAtProductionMaximum" classname="dev.telemachus.display.QRScannerLayoutInstrumentedTest" time="0.033" />
  <testcase name="shortLandscapeKeepsScannerChromeSeparated" classname="dev.telemachus.display.QRScannerLayoutInstrumentedTest" time="0.035" />
  <testcase name="compactPortraitAndLargeTextKeepScannerChromeSeparated" classname="dev.telemachus.display.QRScannerLayoutInstrumentedTest" time="0.036" />
  <testcase name="safeInsetErrorStatesKeepRecoveryActionReachable" classname="dev.telemachus.display.QRScannerLayoutInstrumentedTest" time="0.032" />
  <testcase name="productionLayoutKeepsDecorativeCameraNodesSilentAndCancelAccessible" classname="dev.telemachus.display.QRScannerLayoutInstrumentedTest" time="0.004" />
  <testcase name="rtlAsymmetricSafeInsetsKeepRelativeMarginsMappedToPhysicalEdges" classname="dev.telemachus.display.QRScannerLayoutInstrumentedTest" time="0.003" />
  <testcase name="safeInsetsKeepScannerControlsAwayFromSystemBars" classname="dev.telemachus.display.QRScannerLayoutInstrumentedTest" time="0.003" />
  <testcase name="cameraErrorStateIsReadableAndRecoverable" classname="dev.telemachus.display.QRScannerLayoutInstrumentedTest" time="0.033" />
  <testcase name="permanentlyDeniedCameraStateUsesSettingsAction" classname="dev.telemachus.display.QRScannerLayoutInstrumentedTest" time="0.002" />
  <testcase name="invalidQrStatusStaysReadableAboveTarget" classname="dev.telemachus.display.QRScannerLayoutInstrumentedTest" time="0.003" />
  <testcase name="gestureShortcutChoicesRoundTripThroughSharedPreferences" classname="dev.telemachus.display.GestureShortcutPreferencesInstrumentedTest" time="0.001" />
  <testcase name="offerLayoutKeepsDecisionCopyStructuredForDialogButtons" classname="dev.telemachus.display.FileTransferOfferDialogLayoutInstrumentedTest" time="0.002" />
  <testcase name="narrowAndLargeFontOfferDialogKeepsDecisionContentReadableAndScrollable" classname="dev.telemachus.display.FileTransferOfferDialogLayoutInstrumentedTest" time="0.028" />
  <testcase name="renderedOutgoingPreflightDialogKeepsActionsReadableAndNonDuplicated" classname="dev.telemachus.display.FileTransferOfferDialogLayoutInstrumentedTest" time="10.358" />
  <testcase name="recoverableErrorDialogKeepsChooseAnotherFileRetryAction" classname="dev.telemachus.display.FileTransferOfferDialogLayoutInstrumentedTest" time="7.757" />
  <testcase name="renderedIncomingOfferDialogKeepsActionsReadableAndNonDuplicated" classname="dev.telemachus.display.FileTransferOfferDialogLayoutInstrumentedTest" time="10.16" />
  <testcase name="outgoingConfirmationLayoutKeepsPreflightDetailsReadableAndScrollable" classname="dev.telemachus.display.FileTransferOfferDialogLayoutInstrumentedTest" time="0.064" />
  <testcase name="unavailableErrorDialogUsesDismissOnlyAction" classname="dev.telemachus.display.FileTransferOfferDialogLayoutInstrumentedTest" time="0.906" />
  <testcase name="narrowAndLargeFontClipboardConfirmationKeepsContentReadableAndScrollable" classname="dev.telemachus.display.ClipboardConfirmationDialogLayoutInstrumentedTest" time="0.035" />
  <testcase name="lanReceiveClipboardConfirmationDialogActionButtonsWrapAndMeetTouchTarget" classname="dev.telemachus.display.ClipboardConfirmationDialogLayoutInstrumentedTest" time="10.138" />
  <testcase name="clipboardConfirmationCoversSendReceiveAndOverwriteCopy" classname="dev.telemachus.display.ClipboardConfirmationDialogLayoutInstrumentedTest" time="0.003" />
  <testcase name="directOverwriteClipboardConfirmationDialogActionButtonsWrapAndMeetTouchTarget" classname="dev.telemachus.display.ClipboardConfirmationDialogLayoutInstrumentedTest" time="20.233" />
  <testcase name="lanSendClipboardConfirmationDialogActionButtonsWrapAndMeetTouchTarget" classname="dev.telemachus.display.ClipboardConfirmationDialogLayoutInstrumentedTest" time="10.221" />
  <testcase name="productionMaterialDialogInvokesConfirmCallbackOnlyFromPositiveAction" classname="dev.telemachus.display.TrustedNetworkDialogLayoutInstrumentedTest" time="2.87" />
  <testcase name="standardMaterialMessageDialogKeepsCopyReadableScrollableAndActionsReachable" classname="dev.telemachus.display.TrustedNetworkDialogLayoutInstrumentedTest" time="5.664" />
  <testcase name="restrictedLandscapeLargeFontStandardMessageRequiresScrollableContent" classname="dev.telemachus.display.TrustedNetworkDialogLayoutInstrumentedTest" time="1.414" />
</testsuite>