<?xml version='1.0' encoding='UTF-8' ?>
<testsuite name="dev.telemachus.display.InternetCameraPermissionRecoveryInstrumentedTest" tests="1" failures="0" errors="0" skipped="0" time="2.813" timestamp="2026-09-15T16:51:18" hostname="localhost">
  <properties>
    <property name="device" value="P0110 - 16" />
    <property name="flavor" value="" />
    <property name="project" value=":app" />
  </properties>
  <testcase name="visibleInternetPermissionPanelGrantedOutsideAppLaunchesScannerOnForegroundReturn" classname="dev.telemachus.display.InternetCameraPermissionRecoveryInstrumentedTest" time="2.156" />
</testsuite>