<?xml version='1.0' encoding='UTF-8' ?>
<testsuite name="dev.telemachus.display.MediaStoreDownloadsSaverInstrumentedTest" tests="4" failures="0" errors="0" skipped="0" time="1.798" timestamp="2026-09-16T17:43:45" hostname="localhost">
  <properties>
    <property name="device" value="P0110 - 16" />
    <property name="flavor" value="" />
    <property name="project" value=":app" />
  </properties>
  <testcase name="productionSaverPublishesIncomingFileToMediaStoreDownloads" classname="dev.telemachus.display.MediaStoreDownloadsSaverInstrumentedTest" time="0.01" />
  <testcase name="failedMediaStorePublishDeletesInsertedEntryAndKeepsStagingForCallerCleanup" classname="dev.telemachus.display.MediaStoreDownloadsSaverInstrumentedTest" time="0.039" />
  <testcase name="productionDocumentExporterCopiesPublishedIncomingFileExactly" classname="dev.telemachus.display.MediaStoreDownloadsSaverInstrumentedTest" time="0.03" />
  <testcase name="latestCompletedFileSurvivesRecreationAndCanBeDismissed" classname="dev.telemachus.display.IncomingFileSavedPanelInstrumentedTest" time="1.093" />
</testsuite>