<?xml version='1.0' encoding='UTF-8' ?>
<testsuite name="dev.telemachus.display.SettingsDialogLayoutInstrumentedTest" tests="30" failures="0" errors="0" skipped="0" time="3.049" timestamp="2026-09-14T12:07:41" hostname="localhost">
  <properties>
    <property name="device" value="P0110 - 16" />
    <property name="flavor" value="" />
    <property name="project" value=":app" />
  </properties>
  <testcase name="transferReadinessUsesSinglePoliteLiveRegion" classname="dev.telemachus.display.SettingsDialogLayoutInstrumentedTest" time="0.06" />
  <testcase name="scaleModeGroupStacksInResponsiveProductionLayoutOnNarrowLargeText" classname="dev.telemachus.display.SettingsDialogLayoutInstrumentedTest" time="0.033" />
  <testcase name="settingsActionButtonsGrowToTwoLinesForLongLabels" classname="dev.telemachus.display.SettingsDialogLayoutInstrumentedTest" time="0.03" />
  <testcase name="capabilityCopyStaysReadableScrollableAndRestoresAfterResponsiveReflow" classname="dev.telemachus.display.SettingsDialogLayoutInstrumentedTest" time="0.061" />
  <testcase name="unavailableVideoControlsExposeNoteInsteadOfDeadControls" classname="dev.telemachus.display.SettingsDialogLayoutInstrumentedTest" time="0.122" />
  <testcase name="audioReadinessCardStaysReadableAndUsesSinglePoliteLiveRegion" classname="dev.telemachus.display.SettingsDialogLayoutInstrumentedTest" time="0.15" />
  <testcase name="videoChoiceGroupsPreserveSelectionAcrossPhoneAndLandscapeReflows" classname="dev.telemachus.display.SettingsDialogLayoutInstrumentedTest" time="0.065" />
  <testcase name="p0110LandscapeInitialSettingsViewportShowsSustainedUseAndVideoChoices" classname="dev.telemachus.display.SettingsDialogLayoutInstrumentedTest" time="0.032" />
  <testcase name="unavailableGestureShortcutControlsExposeNoteInsteadOfDeadControls" classname="dev.telemachus.display.SettingsDialogLayoutInstrumentedTest" time="0.095" />
  <testcase name="showStatsRowKeepsHorizontalLayoutWhenContentFits" classname="dev.telemachus.display.SettingsDialogLayoutInstrumentedTest" time="0.034" />
  <testcase name="sixHundredDpPortraitWindowKeepsOneSettingsColumn" classname="dev.telemachus.display.SettingsDialogLayoutInstrumentedTest" time="0.003" />
  <testcase name="largeTextStacksOptionGroupsWithoutClipping" classname="dev.telemachus.display.SettingsDialogLayoutInstrumentedTest" time="0.093" />
  <testcase name="wideWindowKeepsOptionGroupsHorizontal" classname="dev.telemachus.display.SettingsDialogLayoutInstrumentedTest" time="0.042" />
  <testcase name="showStatsRowRestoresLayoutAcrossNarrowWideReflow" classname="dev.telemachus.display.SettingsDialogLayoutInstrumentedTest" time="0.003" />
  <testcase name="opacitySliderKeepsAccessibilityContract" classname="dev.telemachus.display.SettingsDialogLayoutInstrumentedTest" time="0.034" />
  <testcase name="smallTabletPortraitAndLandscapeKeepSustainedUseStatusReadable" classname="dev.telemachus.display.SettingsDialogLayoutInstrumentedTest" time="0.06" />
  <testcase name="smallTabletLandscapeUsesTwoSettingsColumnsWithoutLosingActions" classname="dev.telemachus.display.SettingsDialogLayoutInstrumentedTest" time="0.002" />
  <testcase name="repeatedResponsiveLayoutPreservesToggleSelectionAndSemantics" classname="dev.telemachus.display.SettingsDialogLayoutInstrumentedTest" time="0.034" />
  <testcase name="settingsActionButtonsRestoreWrappingAfterRotationReflow" classname="dev.telemachus.display.SettingsDialogLayoutInstrumentedTest" time="0.034" />
  <testcase name="videoAndGestureChoiceLabelsKeepTalkBackSemantics" classname="dev.telemachus.display.SettingsDialogLayoutInstrumentedTest" time="0.107" />
  <testcase name="narrowPhoneWindowsStackOptionGroupsWithoutClipping" classname="dev.telemachus.display.SettingsDialogLayoutInstrumentedTest" time="0.032" />
  <testcase name="showStatsRowStaysReadableAndReachableOnNarrowLargeText" classname="dev.telemachus.display.SettingsDialogLayoutInstrumentedTest" time="0.085" />
  <testcase name="smallTabletPortraitKeepsSettingsSingleColumnForReadableCards" classname="dev.telemachus.display.SettingsDialogLayoutInstrumentedTest" time="0.033" />
  <testcase name="allChoiceGroupsStayDistinctOnLargeTextPhonesAndShortLandscape" classname="dev.telemachus.display.SettingsDialogLayoutInstrumentedTest" time="0.116" />
  <testcase name="settingsActionButtonsWrapWithoutEllipsizingAcrossCompactWindows" classname="dev.telemachus.display.SettingsDialogLayoutInstrumentedTest" time="0.122" />
  <testcase name="settingsSectionsExposeScreenReaderHeadings" classname="dev.telemachus.display.SettingsDialogLayoutInstrumentedTest" time="0.004" />
  <testcase name="videoBitrateSliderKeepsVisibleLabelSemanticsOnNarrowLargeText" classname="dev.telemachus.display.SettingsDialogLayoutInstrumentedTest" time="0.113" />
  <testcase name="sixHundredDpLandscapeWindowUsesTwoSettingsColumns" classname="dev.telemachus.display.SettingsDialogLayoutInstrumentedTest" time="0.032" />
  <testcase name="capturesSustainedUseStatusEvidenceImages" classname="dev.telemachus.display.SettingsDialogLayoutInstrumentedTest" time="0.439" />
  <testcase name="videoChoiceGroupsRemainReadableOnLargeTextPhonesAndShortLandscape" classname="dev.telemachus.display.SettingsDialogLayoutInstrumentedTest" time="0.174" />
</testsuite>