<?xml version="1.0" encoding="UTF-8"?>
<testsuite name="dev.telemachus.display.MainActivitySettingsAccessibilityContractTest" tests="5" skipped="0" failures="0" errors="0" timestamp="2026-09-10T14:54:43" hostname="Mac.local" time="0.028">
  <properties/>
  <testcase name="controlBarManagedPolicyDenialKeepsDisabledControlsExplainable" classname="dev.telemachus.display.MainActivitySettingsAccessibilityContractTest" time="0.015"/>
  <testcase name="settingsSectionTitlesRemainAccessibilityHeadings" classname="dev.telemachus.display.MainActivitySettingsAccessibilityContractTest" time="0.002"/>
  <testcase name="viewportCapabilityCopyStaysSourceBoundAndDoesNotOverstateInputSupport" classname="dev.telemachus.display.MainActivitySettingsAccessibilityContractTest" time="0.005"/>
  <testcase name="videoBitrateSliderUsesVisibleLabelInsteadOfDuplicateDescription" classname="dev.telemachus.display.MainActivitySettingsAccessibilityContractTest" time="0.001"/>
  <testcase name="unavailableVideoAndGestureControlsUseSharedAccessibilityApplier" classname="dev.telemachus.display.MainActivitySettingsAccessibilityContractTest" time="0.005"/>
  <system-out><![CDATA[]]></system-out>
  <system-err><![CDATA[]]></system-err>
</testsuite>
