<?xml version='1.0' encoding='UTF-8' ?>
<testsuite name="dev.telemachus.display.FileTransferOfferDialogLayoutInstrumentedTest" tests="5" failures="0" errors="0" skipped="0" time="1.044" timestamp="2026-09-07T11:45:55" hostname="localhost">
  <properties>
    <property name="device" value="P0110 - 16" />
    <property name="flavor" value="" />
    <property name="project" value=":app" />
  </properties>
  <testcase name="offerLayoutKeepsDecisionCopyStructuredForDialogButtons" classname="dev.telemachus.display.FileTransferOfferDialogLayoutInstrumentedTest" time="0.018" />
  <testcase name="narrowAndLargeFontOfferDialogKeepsDecisionContentReadableAndScrollable" classname="dev.telemachus.display.FileTransferOfferDialogLayoutInstrumentedTest" time="0.034" />
  <testcase name="outgoingConfirmationLayoutKeepsPreflightDetailsReadableAndScrollable" classname="dev.telemachus.display.FileTransferOfferDialogLayoutInstrumentedTest" time="0.039" />
  <testcase name="narrowAndLargeFontClipboardConfirmationKeepsContentReadableAndScrollable" classname="dev.telemachus.display.ClipboardConfirmationDialogLayoutInstrumentedTest" time="0.067" />
  <testcase name="clipboardConfirmationCoversSendReceiveAndOverwriteCopy" classname="dev.telemachus.display.ClipboardConfirmationDialogLayoutInstrumentedTest" time="0.006" />
</testsuite>