<?xml version='1.0' encoding='UTF-8' ?>
<testsuite name="dev.telemachus.display.InternetMainActivityAcceptanceInstrumentedTest" tests="1" failures="0" errors="0" skipped="0" time="20.824" timestamp="2026-09-16T02:50:30" hostname="localhost">
  <properties>
    <property name="device" value="P0110 - 16" />
    <property name="flavor" value="" />
    <property name="project" value=":app" />
  </properties>
  <testcase name="expiredStoredLeaseDisablesConnectAcrossForegroundAndRecreation" classname="dev.telemachus.display.InternetMainActivityAcceptanceInstrumentedTest" time="20.229" />
</testsuite>