<?xml version='1.0' encoding='UTF-8' ?>
<testsuite name="dev.telemachus.display.ConnectionGuidanceLayoutInstrumentedTest" tests="137" failures="0" errors="0" skipped="0" time="118.527" timestamp="2026-09-15T03:48:23" hostname="localhost">
  <properties>
    <property name="device" value="P0110 - 16" />
    <property name="flavor" value="" />
    <property name="project" value=":app" />
  </properties>
  <testcase name="hiddenInternetSettingsDoesNotLeaveLeadingSecondaryActionGap" classname="dev.telemachus.display.ConnectionGuidanceLayoutInstrumentedTest" time="0.116" />
  <testcase name="primaryActionSelfSizingSurvivesNarrowWideRoundTripsAtLargeFontScales" classname="dev.telemachus.display.ConnectionGuidanceLayoutInstrumentedTest" time="0.147" />
  <testcase name="openSourceLicensesButtonOpensPackagedNoticesDialog" classname="dev.telemachus.display.ConnectionGuidanceLayoutInstrumentedTest" time="1.367" />
  <testcase name="narrowTwoColumnLandscapeLargeTextStacksLongActionLabelsWithoutClipping" classname="dev.telemachus.display.ConnectionGuidanceLayoutInstrumentedTest" time="0.126" />
  <testcase name="materialButtonReadableWidthCountsIconSpaceOnce" classname="dev.telemachus.display.ConnectionGuidanceLayoutInstrumentedTest" time="0.039" />
  <testcase name="landscapeToPortraitSecondLayoutKeepsActionRowsStackedForNarrowWidth" classname="dev.telemachus.display.ConnectionGuidanceLayoutInstrumentedTest" time="0.035" />
  <testcase name="narrowDisconnectedPanelUsesInlineSettingsButtonWithoutCoveringConnect" classname="dev.telemachus.display.ConnectionGuidanceLayoutInstrumentedTest" time="0.063" />
  <testcase name="narrowPortraitKeepsInternetSecondaryActionsReadableAtLargeFontScale" classname="dev.telemachus.display.ConnectionGuidanceLayoutInstrumentedTest" time="0.041" />
  <testcase name="wideTwoColumnLandscapeDefaultTextKeepsActionRowsHorizontal" classname="dev.telemachus.display.ConnectionGuidanceLayoutInstrumentedTest" time="0.036" />
  <testcase name="xiaomi13RotationReappliesLandscapeDimensionsWithoutReinflatingTheViewTree" classname="dev.telemachus.display.ConnectionGuidanceLayoutInstrumentedTest" time="0.1" />
  <testcase name="narrowTwoColumnLandscapeLargeTextStacksActionRowsWithoutClipping" classname="dev.telemachus.display.ConnectionGuidanceLayoutInstrumentedTest" time="0.168" />
  <testcase name="defaultFontKeepsInternetProfileActionsSideBySide" classname="dev.telemachus.display.ConnectionGuidanceLayoutInstrumentedTest" time="0.057" />
  <testcase name="portraitToExpandedLandscapeKeepsModeToggleHorizontalAcrossSecondLayout" classname="dev.telemachus.display.ConnectionGuidanceLayoutInstrumentedTest" time="0.072" />
  <testcase name="narrowPortraitLargeTextKeepsLegalFooterReachableReadableAndTouchable" classname="dev.telemachus.display.ConnectionGuidanceLayoutInstrumentedTest" time="0.101" />
  <testcase name="connectionPanelOuterGeometrySurvivesMultiWindowWidthRoundTrip" classname="dev.telemachus.display.ConnectionGuidanceLayoutInstrumentedTest" time="0.075" />
  <testcase name="xiaomi13PortraitAndLandscapeKeepModeGuidanceReadableAndSeparated" classname="dev.telemachus.display.ConnectionGuidanceLayoutInstrumentedTest" time="0.161" />
  <testcase name="wideLandscapeKeepsInlineSettingsButtonWithoutFloatingPolicy" classname="dev.telemachus.display.ConnectionGuidanceLayoutInstrumentedTest" time="0.037" />
  <testcase name="p0110LandscapeLargeTextKeepsInternetConnectPreviewOnFirstScreen" classname="dev.telemachus.display.ConnectionGuidanceLayoutInstrumentedTest" time="0.096" />
  <testcase name="connectionPanelOuterGeometryRebindsPhoneAndWideResourcesWithoutReinflating" classname="dev.telemachus.display.ConnectionGuidanceLayoutInstrumentedTest" time="0.041" />
  <testcase name="portraitToWideLandscapeUsesConfigurationWidthBeforeSecondLayout" classname="dev.telemachus.display.ConnectionGuidanceLayoutInstrumentedTest" time="0.071" />
  <testcase name="narrowPortraitKeepsUsbRetryDiagnosticsReadableAtMaxFontScale" classname="dev.telemachus.display.ConnectionGuidanceLayoutInstrumentedTest" time="0.074" />
  <testcase name="p0110LandscapeLargeTextKeepsUsbRetryFirstAndGuidanceScrollable" classname="dev.telemachus.display.ConnectionGuidanceLayoutInstrumentedTest" time="0.037" />
  <testcase name="narrowPortraitKeepsModeTouchTargetsAtDefaultFontScale" classname="dev.telemachus.display.ConnectionGuidanceLayoutInstrumentedTest" time="0.06" />
  <testcase name="xiaomi13LandscapeKeepsLongestUsbLanAndInternetErrorsReadable" classname="dev.telemachus.display.ConnectionGuidanceLayoutInstrumentedTest" time="0.185" />
  <testcase name="narrowPortraitKeepsInternetProfileActionsReadableAtLargeFontScale" classname="dev.telemachus.display.ConnectionGuidanceLayoutInstrumentedTest" time="0.002" />
  <testcase name="disconnectedInternetSecondaryActionsKeepSettingsFlushAtLargeFontScale" classname="dev.telemachus.display.ConnectionGuidanceLayoutInstrumentedTest" time="0.002" />
  <testcase name="expandedTwoColumnLargeTextKeepsDefaultActionLabelsHorizontal" classname="dev.telemachus.display.ConnectionGuidanceLayoutInstrumentedTest" time="0.069" />
  <testcase name="nubiaP0110AndXiaomi13PortraitKeepConnectPreviewOnTheFirstScreen" classname="dev.telemachus.display.ConnectionGuidanceLayoutInstrumentedTest" time="0.096" />
  <testcase name="expandedTwoColumnLargeTextStacksVeryLongActionLabelsByMeasuredWidth" classname="dev.telemachus.display.ConnectionGuidanceLayoutInstrumentedTest" time="0.069" />
  <testcase name="expandedTwoColumnDefaultTextStacksVeryLongActionLabelsByMeasuredWidth" classname="dev.telemachus.display.ConnectionGuidanceLayoutInstrumentedTest" time="0.042" />
  <testcase name="narrowPortraitLargeTextKeepsWirelessSecondaryActionsReadable" classname="dev.telemachus.display.ConnectionGuidanceLayoutInstrumentedTest" time="0.096" />
  <testcase name="narrowPortraitLargeTextKeepsWirelessAndInternetPrimaryActionsSelfSizing" classname="dev.telemachus.display.ConnectionGuidanceLayoutInstrumentedTest" time="0.222" />
  <testcase name="defaultFontKeepsInternetSecondaryActionsSideBySide" classname="dev.telemachus.display.ConnectionGuidanceLayoutInstrumentedTest" time="0.074" />
  <testcase name="narrowPortraitKeepsModeLabelsReadableAtLargeFontScale" classname="dev.telemachus.display.ConnectionGuidanceLayoutInstrumentedTest" time="0.034" />
  <testcase name="hiddenInternetSettingsDoesNotLeaveHorizontalLeadingSecondaryActionGap" classname="dev.telemachus.display.ConnectionGuidanceLayoutInstrumentedTest" time="0.036" />
  <testcase name="productionLayoutDoesNotPreRenderModeSpecificGuidance" classname="dev.telemachus.display.ConnectionStateAccessibilityInstrumentedTest" time="0.041" />
  <testcase name="connectionGuidanceRegionsExposeGroupedScreenReaderStatus" classname="dev.telemachus.display.ConnectionStateAccessibilityInstrumentedTest" time="0.038" />
  <testcase name="internetRouteToggleDoesNotAutosizeBelowReadableText" classname="dev.telemachus.display.ConnectionStateAccessibilityInstrumentedTest" time="0.03" />
  <testcase name="connectionDetailsMeetsTouchTargetAndKeepsItsFullLabel" classname="dev.telemachus.display.ConnectionStateAccessibilityInstrumentedTest" time="0.104" />
  <testcase name="hiddenLiveRegionMessageReannouncesTheSameErrorWhenShownAgain" classname="dev.telemachus.display.ConnectionStateAccessibilityInstrumentedTest" time="0.036" />
  <testcase name="internetSecurityDescriptionStaysFullyVisibleWithoutDisclosureActions" classname="dev.telemachus.display.ConnectionStateAccessibilityInstrumentedTest" time="0.063" />
  <testcase name="wirelessRepairGuidanceExposesFullScreenReaderStatus" classname="dev.telemachus.display.ConnectionStateAccessibilityInstrumentedTest" time="0.034" />
  <testcase name="productionConnectionStatesUsePoliteLiveRegions" classname="dev.telemachus.display.ConnectionStateAccessibilityInstrumentedTest" time="0.04" />
  <testcase name="p0110ModeToggleKeepsInternetReadableWithLargeText" classname="dev.telemachus.display.ConnectionStateAccessibilityInstrumentedTest" time="0.066" />
  <testcase name="internetSecurityDescriptionStaysVisibleAfterModeAndConfigurationChanges" classname="dev.telemachus.display.ConnectionStateAccessibilityInstrumentedTest" time="0.091" />
  <testcase name="productionModeToggleHasReadableCheckedAndDistinctDisabledStates" classname="dev.telemachus.display.ConnectionStateAccessibilityInstrumentedTest" time="0.03" />
  <testcase name="internetCameraPermissionPanelKeepsRecoveryCopyAndSettingsActionReadable" classname="dev.telemachus.display.ConnectionStateAccessibilityInstrumentedTest" time="0.094" />
  <testcase name="productionUsbConnectVisuallyDistinguishesEnabledAndDisabledStates" classname="dev.telemachus.display.ConnectionStateAccessibilityInstrumentedTest" time="0.071" />
  <testcase name="productionChecklistReportsEveryTransportLabelAndHighlightsFailures" classname="dev.telemachus.display.ConnectionStateAccessibilityInstrumentedTest" time="0.001" />
  <testcase name="wirelessLanStateMachineKeepsPanelsMutuallyExclusiveAndActionsCurrent" classname="dev.telemachus.display.ConnectionStateAccessibilityInstrumentedTest" time="0.043" />
  <testcase name="p0110UsbErrorCopyKeepsChecklistReachableWithLargeText" classname="dev.telemachus.display.ConnectionStateAccessibilityInstrumentedTest" time="0.04" />
  <testcase name="connectedStatusAnnouncementUsesVisibleStreamChromeAndDeduplicates" classname="dev.telemachus.display.ConnectionStateAccessibilityInstrumentedTest" time="0.065" />
  <testcase name="liveRegionTextOnlyChangesForNewContent" classname="dev.telemachus.display.ConnectionStateAccessibilityInstrumentedTest" time="0.031" />
  <testcase name="splitWindowProgressKeepsFullAccessibilityLabelAndButtonTargetsAtLargeFontScale" classname="dev.telemachus.display.ControlBarLayoutInstrumentedTest" time="0.16" />
  <testcase name="resourceGeometryUsesExactPixelsAtNonIntegerDensityBoundaries" classname="dev.telemachus.display.ControlBarLayoutInstrumentedTest" time="0.437" />
  <testcase name="safeInsetsAndRepeatedResizeReapplyTheProductionLayout" classname="dev.telemachus.display.ControlBarLayoutInstrumentedTest" time="0.066" />
  <testcase name="columnModeGivesActiveTransferProgressTheFullActionWidthAtLargeFontScale" classname="dev.telemachus.display.ControlBarLayoutInstrumentedTest" time="0.065" />
  <testcase name="phoneWidthsUseProductionLayoutAndPreserveTouchTargets" classname="dev.telemachus.display.ControlBarLayoutInstrumentedTest" time="0.103" />
  <testcase name="productionRevealActionRestoresHiddenStreamControls" classname="dev.telemachus.display.ControlBarLayoutInstrumentedTest" time="0.071" />
  <testcase name="pendingClipboardStatusUsesSharedRowWithoutShrinkingControls" classname="dev.telemachus.display.ControlBarLayoutInstrumentedTest" time="0.065" />
  <testcase name="activeFileTransferProgressPreservesControlBarGeometryOnPhoneWidths" classname="dev.telemachus.display.ControlBarLayoutInstrumentedTest" time="0.099" />
  <testcase name="smallTabletWidthKeepsStreamControlsInlineWithReadableLabels" classname="dev.telemachus.display.ControlBarLayoutInstrumentedTest" time="0.071" />
  <testcase name="statsOverlayStacksInsideNarrowSafeWindows" classname="dev.telemachus.display.ControlBarLayoutInstrumentedTest" time="0.041" />
  <testcase name="revealActionIsARealClickableNodeOnlyWhileConnectedChromeIsHidden" classname="dev.telemachus.display.ControlBarLayoutInstrumentedTest" time="0.067" />
  <testcase name="productionApplierCoversStackedColumnAndHiddenSelectorBoundaries" classname="dev.telemachus.display.ControlBarLayoutInstrumentedTest" time="0.77" />
  <testcase name="productionBinderDisablesDisplaySelectorWhileSwitchIsPending" classname="dev.telemachus.display.ControlBarLayoutInstrumentedTest" time="0.033" />
  <testcase name="hiddenSelectorUsesExactCompactBoundariesAtNonIntegerDensity" classname="dev.telemachus.display.ControlBarLayoutInstrumentedTest" time="0.24" />
  <testcase name="statsOverlayKeepsSingleRowWhenAllColumnsFit" classname="dev.telemachus.display.ControlBarLayoutInstrumentedTest" time="0.036" />
  <testcase name="productionBinderClearsStaleDisplayStateWhenSelectionIsUnavailable" classname="dev.telemachus.display.ControlBarLayoutInstrumentedTest" time="0.072" />
  <testcase name="fileTransferControlPreservesTouchTargetsWhenVisible" classname="dev.telemachus.display.ControlBarLayoutInstrumentedTest" time="0.126" />
  <testcase name="transferReadinessUsesSinglePoliteLiveRegion" classname="dev.telemachus.display.SettingsDialogLayoutInstrumentedTest" time="0.061" />
  <testcase name="scaleModeGroupStacksInResponsiveProductionLayoutOnNarrowLargeText" classname="dev.telemachus.display.SettingsDialogLayoutInstrumentedTest" time="0.056" />
  <testcase name="settingsActionButtonsGrowToTwoLinesForLongLabels" classname="dev.telemachus.display.SettingsDialogLayoutInstrumentedTest" time="0.034" />
  <testcase name="capabilityCopyStaysReadableScrollableAndRestoresAfterResponsiveReflow" classname="dev.telemachus.display.SettingsDialogLayoutInstrumentedTest" time="0.173" />
  <testcase name="unavailableVideoControlsExposeNoteInsteadOfDeadControls" classname="dev.telemachus.display.SettingsDialogLayoutInstrumentedTest" time="0.204" />
  <testcase name="audioReadinessCardStaysReadableAndUsesSinglePoliteLiveRegion" classname="dev.telemachus.display.SettingsDialogLayoutInstrumentedTest" time="0.327" />
  <testcase name="videoChoiceGroupsPreserveSelectionAcrossPhoneAndLandscapeReflows" classname="dev.telemachus.display.SettingsDialogLayoutInstrumentedTest" time="0.085" />
  <testcase name="p0110LandscapeInitialSettingsViewportShowsSustainedUseAndVideoChoices" classname="dev.telemachus.display.SettingsDialogLayoutInstrumentedTest" time="0.06" />
  <testcase name="unavailableGestureShortcutControlsExposeNoteInsteadOfDeadControls" classname="dev.telemachus.display.SettingsDialogLayoutInstrumentedTest" time="0.212" />
  <testcase name="showStatsRowKeepsHorizontalLayoutWhenContentFits" classname="dev.telemachus.display.SettingsDialogLayoutInstrumentedTest" time="0.036" />
  <testcase name="sixHundredDpPortraitWindowKeepsOneSettingsColumn" classname="dev.telemachus.display.SettingsDialogLayoutInstrumentedTest" time="0.066" />
  <testcase name="largeTextStacksOptionGroupsWithoutClipping" classname="dev.telemachus.display.SettingsDialogLayoutInstrumentedTest" time="0.213" />
  <testcase name="wideWindowKeepsOptionGroupsHorizontal" classname="dev.telemachus.display.SettingsDialogLayoutInstrumentedTest" time="0.034" />
  <testcase name="showStatsRowRestoresLayoutAcrossNarrowWideReflow" classname="dev.telemachus.display.SettingsDialogLayoutInstrumentedTest" time="0.107" />
  <testcase name="opacitySliderKeepsAccessibilityContract" classname="dev.telemachus.display.SettingsDialogLayoutInstrumentedTest" time="0.029" />
  <testcase name="smallTabletPortraitAndLandscapeKeepSustainedUseStatusReadable" classname="dev.telemachus.display.SettingsDialogLayoutInstrumentedTest" time="0.076" />
  <testcase name="smallTabletLandscapeUsesTwoSettingsColumnsWithoutLosingActions" classname="dev.telemachus.display.SettingsDialogLayoutInstrumentedTest" time="0.066" />
  <testcase name="repeatedResponsiveLayoutPreservesToggleSelectionAndSemantics" classname="dev.telemachus.display.SettingsDialogLayoutInstrumentedTest" time="0.039" />
  <testcase name="settingsActionButtonsRestoreWrappingAfterRotationReflow" classname="dev.telemachus.display.SettingsDialogLayoutInstrumentedTest" time="0.061" />
  <testcase name="videoAndGestureChoiceLabelsKeepTalkBackSemantics" classname="dev.telemachus.display.SettingsDialogLayoutInstrumentedTest" time="0.208" />
  <testcase name="narrowPhoneWindowsStackOptionGroupsWithoutClipping" classname="dev.telemachus.display.SettingsDialogLayoutInstrumentedTest" time="0.101" />
  <testcase name="showStatsRowStaysReadableAndReachableOnNarrowLargeText" classname="dev.telemachus.display.SettingsDialogLayoutInstrumentedTest" time="0.21" />
  <testcase name="smallTabletPortraitKeepsSettingsSingleColumnForReadableCards" classname="dev.telemachus.display.SettingsDialogLayoutInstrumentedTest" time="0.039" />
  <testcase name="allChoiceGroupsStayDistinctOnLargeTextPhonesAndShortLandscape" classname="dev.telemachus.display.SettingsDialogLayoutInstrumentedTest" time="0.219" />
  <testcase name="settingsActionButtonsWrapWithoutEllipsizingAcrossCompactWindows" classname="dev.telemachus.display.SettingsDialogLayoutInstrumentedTest" time="0.317" />
  <testcase name="settingsSectionsExposeScreenReaderHeadings" classname="dev.telemachus.display.SettingsDialogLayoutInstrumentedTest" time="0.039" />
  <testcase name="videoBitrateSliderKeepsVisibleLabelSemanticsOnNarrowLargeText" classname="dev.telemachus.display.SettingsDialogLayoutInstrumentedTest" time="0.197" />
  <testcase name="sixHundredDpLandscapeWindowUsesTwoSettingsColumns" classname="dev.telemachus.display.SettingsDialogLayoutInstrumentedTest" time="0.039" />
  <testcase name="capturesSustainedUseStatusEvidenceImages" classname="dev.telemachus.display.SettingsDialogLayoutInstrumentedTest" time="0.767" />
  <testcase name="videoChoiceGroupsRemainReadableOnLargeTextPhonesAndShortLandscape" classname="dev.telemachus.display.SettingsDialogLayoutInstrumentedTest" time="0.36" />
  <testcase name="productionInternetActionsDistinguishEnabledAndDisabledStates" classname="dev.telemachus.display.InternetControlStateColorsInstrumentedTest" time="0.069" />
  <testcase name="productionRouteToggleDistinguishesCheckedAndUncheckedStates" classname="dev.telemachus.display.InternetControlStateColorsInstrumentedTest" time="0.036" />
  <testcase name="productionBuilderConstrainsPairingDialogContent" classname="dev.telemachus.display.InternetPairingDialogLayoutInstrumentedTest" time="3.747" />
  <testcase name="imeConstrainedImportDialogKeepsLabelInputAndErrorReachable" classname="dev.telemachus.display.InternetPairingDialogLayoutInstrumentedTest" time="0.032" />
  <testcase name="imeConstrainedPairingDialogKeepsAcceptanceInputReachable" classname="dev.telemachus.display.InternetPairingDialogLayoutInstrumentedTest" time="0.001" />
  <testcase name="importDialogUsesProtectedMultiLineInputWithoutHorizontalScroll" classname="dev.telemachus.display.InternetPairingDialogLayoutInstrumentedTest" time="0.194" />
  <testcase name="narrowPhoneKeepsPairingDialogContentReadableAndScrollable" classname="dev.telemachus.display.InternetPairingDialogLayoutInstrumentedTest" time="0.234" />
  <testcase name="readableActionLayoutWrapsLongLocalizedActionWithoutClipping" classname="dev.telemachus.display.InternetPairingDialogLayoutInstrumentedTest" time="0.813" />
  <testcase name="productionBuilderConstrainsImportDialogContentAndButtons" classname="dev.telemachus.display.InternetPairingDialogLayoutInstrumentedTest" time="4.25" />
  <testcase name="remainingBusinessConfirmationsKeepLongActionsReadable" classname="dev.telemachus.display.InternetPairingDialogLayoutInstrumentedTest" time="17.341" />
  <testcase name="regularPortraitCapsTargetAtProductionMaximum" classname="dev.telemachus.display.QRScannerLayoutInstrumentedTest" time="0.003" />
  <testcase name="shortLandscapeKeepsScannerChromeSeparated" classname="dev.telemachus.display.QRScannerLayoutInstrumentedTest" time="0.038" />
  <testcase name="compactPortraitAndLargeTextKeepScannerChromeSeparated" classname="dev.telemachus.display.QRScannerLayoutInstrumentedTest" time="0.03" />
  <testcase name="safeInsetErrorStatesKeepRecoveryActionReachable" classname="dev.telemachus.display.QRScannerLayoutInstrumentedTest" time="0.069" />
  <testcase name="productionLayoutKeepsDecorativeCameraNodesSilentAndCancelAccessible" classname="dev.telemachus.display.QRScannerLayoutInstrumentedTest" time="0.001" />
  <testcase name="rtlAsymmetricSafeInsetsKeepRelativeMarginsMappedToPhysicalEdges" classname="dev.telemachus.display.QRScannerLayoutInstrumentedTest" time="0.001" />
  <testcase name="safeInsetsKeepScannerControlsAwayFromSystemBars" classname="dev.telemachus.display.QRScannerLayoutInstrumentedTest" time="0.002" />
  <testcase name="cameraErrorStateIsReadableAndRecoverable" classname="dev.telemachus.display.QRScannerLayoutInstrumentedTest" time="0.036" />
  <testcase name="permanentlyDeniedCameraStateUsesSettingsAction" classname="dev.telemachus.display.QRScannerLayoutInstrumentedTest" time="0.0" />
  <testcase name="invalidQrStatusStaysReadableAboveTarget" classname="dev.telemachus.display.QRScannerLayoutInstrumentedTest" time="0.002" />
  <testcase name="gestureShortcutChoicesRoundTripThroughSharedPreferences" classname="dev.telemachus.display.GestureShortcutPreferencesInstrumentedTest" time="0.001" />
  <testcase name="offerLayoutKeepsDecisionCopyStructuredForDialogButtons" classname="dev.telemachus.display.FileTransferOfferDialogLayoutInstrumentedTest" time="0.001" />
  <testcase name="narrowAndLargeFontOfferDialogKeepsDecisionContentReadableAndScrollable" classname="dev.telemachus.display.FileTransferOfferDialogLayoutInstrumentedTest" time="0.028" />
  <testcase name="renderedOutgoingPreflightDialogKeepsActionsReadableAndNonDuplicated" classname="dev.telemachus.display.FileTransferOfferDialogLayoutInstrumentedTest" time="10.406" />
  <testcase name="recoverableErrorDialogKeepsChooseAnotherFileRetryAction" classname="dev.telemachus.display.FileTransferOfferDialogLayoutInstrumentedTest" time="7.436" />
  <testcase name="renderedIncomingOfferDialogKeepsActionsReadableAndNonDuplicated" classname="dev.telemachus.display.FileTransferOfferDialogLayoutInstrumentedTest" time="9.191" />
  <testcase name="outgoingConfirmationLayoutKeepsPreflightDetailsReadableAndScrollable" classname="dev.telemachus.display.FileTransferOfferDialogLayoutInstrumentedTest" time="0.036" />
  <testcase name="unavailableErrorDialogUsesDismissOnlyAction" classname="dev.telemachus.display.FileTransferOfferDialogLayoutInstrumentedTest" time="1.3" />
  <testcase name="narrowAndLargeFontClipboardConfirmationKeepsContentReadableAndScrollable" classname="dev.telemachus.display.ClipboardConfirmationDialogLayoutInstrumentedTest" time="0.042" />
  <testcase name="lanReceiveClipboardConfirmationDialogActionButtonsWrapAndMeetTouchTarget" classname="dev.telemachus.display.ClipboardConfirmationDialogLayoutInstrumentedTest" time="10.558" />
  <testcase name="clipboardConfirmationCoversSendReceiveAndOverwriteCopy" classname="dev.telemachus.display.ClipboardConfirmationDialogLayoutInstrumentedTest" time="0.001" />
  <testcase name="directOverwriteClipboardConfirmationDialogActionButtonsWrapAndMeetTouchTarget" classname="dev.telemachus.display.ClipboardConfirmationDialogLayoutInstrumentedTest" time="8.831" />
  <testcase name="lanSendClipboardConfirmationDialogActionButtonsWrapAndMeetTouchTarget" classname="dev.telemachus.display.ClipboardConfirmationDialogLayoutInstrumentedTest" time="18.526" />
  <testcase name="productionMaterialDialogInvokesConfirmCallbackOnlyFromPositiveAction" classname="dev.telemachus.display.TrustedNetworkDialogLayoutInstrumentedTest" time="2.621" />
  <testcase name="standardMaterialMessageDialogKeepsCopyReadableScrollableAndActionsReachable" classname="dev.telemachus.display.TrustedNetworkDialogLayoutInstrumentedTest" time="3.824" />
  <testcase name="restrictedLandscapeLargeFontStandardMessageRequiresScrollableContent" classname="dev.telemachus.display.TrustedNetworkDialogLayoutInstrumentedTest" time="1.331" />
  <testcase name="pairingLeaseRevokeAndRepairAreAcceptedThroughMainActivity" classname="dev.telemachus.display.InternetMainActivityAcceptanceInstrumentedTest" time="4.025" />
</testsuite>