<?xml version='1.0' encoding='UTF-8' ?>
<testsuite name="dev.telemachus.display.ConnectionGuidanceLayoutInstrumentedTest" tests="87" failures="0" errors="0" skipped="0" time="278.558" timestamp="2026-09-09T02:15:51" hostname="localhost">
  <properties>
    <property name="device" value="P0110 - 16" />
    <property name="flavor" value="" />
    <property name="project" value=":app" />
  </properties>
  <testcase name="hiddenInternetSettingsDoesNotLeaveLeadingSecondaryActionGap" classname="dev.telemachus.display.ConnectionGuidanceLayoutInstrumentedTest" time="0.08" />
  <testcase name="narrowDisconnectedPanelUsesInlineSettingsButtonWithoutCoveringConnect" classname="dev.telemachus.display.ConnectionGuidanceLayoutInstrumentedTest" time="0.027" />
  <testcase name="narrowPortraitKeepsInternetSecondaryActionsReadableAtLargeFontScale" classname="dev.telemachus.display.ConnectionGuidanceLayoutInstrumentedTest" time="0.032" />
  <testcase name="xiaomi13RotationReappliesLandscapeDimensionsWithoutReinflatingTheViewTree" classname="dev.telemachus.display.ConnectionGuidanceLayoutInstrumentedTest" time="0.063" />
  <testcase name="defaultFontKeepsInternetProfileActionsSideBySide" classname="dev.telemachus.display.ConnectionGuidanceLayoutInstrumentedTest" time="0.002" />
  <testcase name="xiaomi13PortraitAndLandscapeKeepModeGuidanceReadableAndSeparated" classname="dev.telemachus.display.ConnectionGuidanceLayoutInstrumentedTest" time="0.122" />
  <testcase name="wideLandscapeKeepsInlineSettingsButtonWithoutFloatingPolicy" classname="dev.telemachus.display.ConnectionGuidanceLayoutInstrumentedTest" time="0.059" />
  <testcase name="narrowPortraitKeepsUsbRetryDiagnosticsReadableAtMaxFontScale" classname="dev.telemachus.display.ConnectionGuidanceLayoutInstrumentedTest" time="0.003" />
  <testcase name="p0110LandscapeLargeTextKeepsUsbRetryFirstAndGuidanceScrollable" classname="dev.telemachus.display.ConnectionGuidanceLayoutInstrumentedTest" time="0.038" />
  <testcase name="narrowPortraitKeepsModeTouchTargetsAtDefaultFontScale" classname="dev.telemachus.display.ConnectionGuidanceLayoutInstrumentedTest" time="0.002" />
  <testcase name="xiaomi13LandscapeKeepsLongestUsbLanAndInternetErrorsReadable" classname="dev.telemachus.display.ConnectionGuidanceLayoutInstrumentedTest" time="0.034" />
  <testcase name="narrowPortraitKeepsInternetProfileActionsReadableAtLargeFontScale" classname="dev.telemachus.display.ConnectionGuidanceLayoutInstrumentedTest" time="0.03" />
  <testcase name="disconnectedInternetSecondaryActionsKeepSettingsFlushAtLargeFontScale" classname="dev.telemachus.display.ConnectionGuidanceLayoutInstrumentedTest" time="0.038" />
  <testcase name="nubiaP0110AndXiaomi13PortraitKeepConnectPreviewOnTheFirstScreen" classname="dev.telemachus.display.ConnectionGuidanceLayoutInstrumentedTest" time="0.039" />
  <testcase name="defaultFontKeepsInternetSecondaryActionsSideBySide" classname="dev.telemachus.display.ConnectionGuidanceLayoutInstrumentedTest" time="0.039" />
  <testcase name="narrowPortraitKeepsModeLabelsReadableAtLargeFontScale" classname="dev.telemachus.display.ConnectionGuidanceLayoutInstrumentedTest" time="0.034" />
  <testcase name="hiddenInternetSettingsDoesNotLeaveHorizontalLeadingSecondaryActionGap" classname="dev.telemachus.display.ConnectionGuidanceLayoutInstrumentedTest" time="0.029" />
  <testcase name="productionLayoutDoesNotPreRenderModeSpecificGuidance" classname="dev.telemachus.display.ConnectionStateAccessibilityInstrumentedTest" time="0.035" />
  <testcase name="connectionGuidanceRegionsExposeGroupedScreenReaderStatus" classname="dev.telemachus.display.ConnectionStateAccessibilityInstrumentedTest" time="0.003" />
  <testcase name="internetRouteToggleDoesNotAutosizeBelowReadableText" classname="dev.telemachus.display.ConnectionStateAccessibilityInstrumentedTest" time="0.037" />
  <testcase name="connectionDetailsMeetsTouchTargetAndKeepsItsFullLabel" classname="dev.telemachus.display.ConnectionStateAccessibilityInstrumentedTest" time="0.063" />
  <testcase name="hiddenLiveRegionMessageReannouncesTheSameErrorWhenShownAgain" classname="dev.telemachus.display.ConnectionStateAccessibilityInstrumentedTest" time="0.039" />
  <testcase name="internetSecurityDescriptionStaysFullyVisibleWithoutDisclosureActions" classname="dev.telemachus.display.ConnectionStateAccessibilityInstrumentedTest" time="0.034" />
  <testcase name="wirelessRepairGuidanceExposesFullScreenReaderStatus" classname="dev.telemachus.display.ConnectionStateAccessibilityInstrumentedTest" time="45.558" />
  <testcase name="disconnectedActivityFollowsUserOrientationPolicy" classname="dev.telemachus.display.ConnectionStateAccessibilityInstrumentedTest" time="45.485" />
  <testcase name="productionConnectionStatesUsePoliteLiveRegions" classname="dev.telemachus.display.ConnectionStateAccessibilityInstrumentedTest" time="0.032" />
  <testcase name="internetSecurityDescriptionStaysVisibleAfterModeAndConfigurationChanges" classname="dev.telemachus.display.ConnectionStateAccessibilityInstrumentedTest" time="45.546" />
  <testcase name="disconnectedActivityDoesNotOverrideSystemLandscapeConfiguration" classname="dev.telemachus.display.ConnectionStateAccessibilityInstrumentedTest" time="45.404" />
  <testcase name="productionModeToggleHasReadableCheckedAndDistinctDisabledStates" classname="dev.telemachus.display.ConnectionStateAccessibilityInstrumentedTest" time="0.072" />
  <testcase name="productionUsbConnectVisuallyDistinguishesEnabledAndDisabledStates" classname="dev.telemachus.display.ConnectionStateAccessibilityInstrumentedTest" time="0.003" />
  <testcase name="productionChecklistReportsEveryTransportLabelAndHighlightsFailures" classname="dev.telemachus.display.ConnectionStateAccessibilityInstrumentedTest" time="0.032" />
  <testcase name="p0110UsbErrorCopyKeepsChecklistReachableWithLargeText" classname="dev.telemachus.display.ConnectionStateAccessibilityInstrumentedTest" time="0.003" />
  <testcase name="connectedStatusAnnouncementUsesVisibleStreamChromeAndDeduplicates" classname="dev.telemachus.display.ConnectionStateAccessibilityInstrumentedTest" time="0.036" />
  <testcase name="liveRegionTextOnlyChangesForNewContent" classname="dev.telemachus.display.ConnectionStateAccessibilityInstrumentedTest" time="0.043" />
  <testcase name="disconnectedResetClearsStreamingOrientationOverride" classname="dev.telemachus.display.ConnectionStateAccessibilityInstrumentedTest" time="45.435" />
  <testcase name="splitWindowProgressKeepsFullAccessibilityLabelAndButtonTargetsAtLargeFontScale" classname="dev.telemachus.display.ControlBarLayoutInstrumentedTest" time="0.104" />
  <testcase name="resourceGeometryUsesExactPixelsAtNonIntegerDensityBoundaries" classname="dev.telemachus.display.ControlBarLayoutInstrumentedTest" time="0.248" />
  <testcase name="safeInsetsAndRepeatedResizeReapplyTheProductionLayout" classname="dev.telemachus.display.ControlBarLayoutInstrumentedTest" time="0.002" />
  <testcase name="columnModeGivesActiveTransferProgressTheFullActionWidthAtLargeFontScale" classname="dev.telemachus.display.ControlBarLayoutInstrumentedTest" time="0.038" />
  <testcase name="phoneWidthsUseProductionLayoutAndPreserveTouchTargets" classname="dev.telemachus.display.ControlBarLayoutInstrumentedTest" time="0.067" />
  <testcase name="productionRevealActionRestoresHiddenStreamControls" classname="dev.telemachus.display.ControlBarLayoutInstrumentedTest" time="0.037" />
  <testcase name="pendingClipboardStatusUsesSharedRowWithoutShrinkingControls" classname="dev.telemachus.display.ControlBarLayoutInstrumentedTest" time="0.035" />
  <testcase name="activeFileTransferProgressPreservesControlBarGeometryOnPhoneWidths" classname="dev.telemachus.display.ControlBarLayoutInstrumentedTest" time="0.111" />
  <testcase name="smallTabletWidthKeepsStreamControlsInlineWithReadableLabels" classname="dev.telemachus.display.ControlBarLayoutInstrumentedTest" time="0.003" />
  <testcase name="statsOverlayStacksInsideNarrowSafeWindows" classname="dev.telemachus.display.ControlBarLayoutInstrumentedTest" time="0.038" />
  <testcase name="revealActionIsARealClickableNodeOnlyWhileConnectedChromeIsHidden" classname="dev.telemachus.display.ControlBarLayoutInstrumentedTest" time="0.033" />
  <testcase name="productionApplierCoversStackedColumnAndHiddenSelectorBoundaries" classname="dev.telemachus.display.ControlBarLayoutInstrumentedTest" time="0.466" />
  <testcase name="productionBinderDisablesDisplaySelectorWhileSwitchIsPending" classname="dev.telemachus.display.ControlBarLayoutInstrumentedTest" time="0.04" />
  <testcase name="hiddenSelectorUsesExactCompactBoundariesAtNonIntegerDensity" classname="dev.telemachus.display.ControlBarLayoutInstrumentedTest" time="0.16" />
  <testcase name="statsOverlayKeepsSingleRowWhenAllColumnsFit" classname="dev.telemachus.display.ControlBarLayoutInstrumentedTest" time="0.035" />
  <testcase name="productionBinderClearsStaleDisplayStateWhenSelectionIsUnavailable" classname="dev.telemachus.display.ControlBarLayoutInstrumentedTest" time="0.036" />
  <testcase name="fileTransferControlPreservesTouchTargetsWhenVisible" classname="dev.telemachus.display.ControlBarLayoutInstrumentedTest" time="0.073" />
  <testcase name="transferReadinessUsesSinglePoliteLiveRegion" classname="dev.telemachus.display.SettingsDialogLayoutInstrumentedTest" time="0.031" />
  <testcase name="unavailableVideoControlsExposeNoteInsteadOfDeadControls" classname="dev.telemachus.display.SettingsDialogLayoutInstrumentedTest" time="0.039" />
  <testcase name="audioReadinessCardStaysReadableAndUsesSinglePoliteLiveRegion" classname="dev.telemachus.display.SettingsDialogLayoutInstrumentedTest" time="0.204" />
  <testcase name="p0110LandscapeInitialSettingsViewportShowsSustainedUseAndVideoChoices" classname="dev.telemachus.display.SettingsDialogLayoutInstrumentedTest" time="0.002" />
  <testcase name="unavailableGestureShortcutControlsExposeNoteInsteadOfDeadControls" classname="dev.telemachus.display.SettingsDialogLayoutInstrumentedTest" time="0.036" />
  <testcase name="sixHundredDpPortraitWindowKeepsOneSettingsColumn" classname="dev.telemachus.display.SettingsDialogLayoutInstrumentedTest" time="0.028" />
  <testcase name="largeTextStacksOptionGroupsWithoutClipping" classname="dev.telemachus.display.SettingsDialogLayoutInstrumentedTest" time="0.134" />
  <testcase name="wideWindowKeepsOptionGroupsHorizontal" classname="dev.telemachus.display.SettingsDialogLayoutInstrumentedTest" time="0.034" />
  <testcase name="opacitySliderKeepsAccessibilityContract" classname="dev.telemachus.display.SettingsDialogLayoutInstrumentedTest" time="0.038" />
  <testcase name="smallTabletPortraitAndLandscapeKeepSustainedUseStatusReadable" classname="dev.telemachus.display.SettingsDialogLayoutInstrumentedTest" time="0.039" />
  <testcase name="smallTabletLandscapeUsesTwoSettingsColumnsWithoutLosingActions" classname="dev.telemachus.display.SettingsDialogLayoutInstrumentedTest" time="0.034" />
  <testcase name="repeatedResponsiveLayoutPreservesToggleSelectionAndSemantics" classname="dev.telemachus.display.SettingsDialogLayoutInstrumentedTest" time="0.03" />
  <testcase name="narrowPhoneWindowsStackOptionGroupsWithoutClipping" classname="dev.telemachus.display.SettingsDialogLayoutInstrumentedTest" time="0.061" />
  <testcase name="smallTabletPortraitKeepsSettingsSingleColumnForReadableCards" classname="dev.telemachus.display.SettingsDialogLayoutInstrumentedTest" time="0.056" />
  <testcase name="settingsSectionsExposeScreenReaderHeadings" classname="dev.telemachus.display.SettingsDialogLayoutInstrumentedTest" time="0.0" />
  <testcase name="sixHundredDpLandscapeWindowUsesTwoSettingsColumns" classname="dev.telemachus.display.SettingsDialogLayoutInstrumentedTest" time="0.04" />
  <testcase name="capturesSustainedUseStatusEvidenceImages" classname="dev.telemachus.display.SettingsDialogLayoutInstrumentedTest" time="0.546" />
  <testcase name="productionInternetActionsDistinguishEnabledAndDisabledStates" classname="dev.telemachus.display.InternetControlStateColorsInstrumentedTest" time="0.063" />
  <testcase name="productionRouteToggleDistinguishesCheckedAndUncheckedStates" classname="dev.telemachus.display.InternetControlStateColorsInstrumentedTest" time="0.002" />
  <testcase name="productionBuilderConstrainsPairingDialogContent" classname="dev.telemachus.display.InternetPairingDialogLayoutInstrumentedTest" time="45.47" />
  <testcase name="imeConstrainedPairingDialogKeepsAcceptanceInputReachable" classname="dev.telemachus.display.InternetPairingDialogLayoutInstrumentedTest" time="0.073" />
  <testcase name="importDialogUsesProtectedMultiLineInputWithoutHorizontalScroll" classname="dev.telemachus.display.InternetPairingDialogLayoutInstrumentedTest" time="0.163" />
  <testcase name="narrowPhoneKeepsPairingDialogContentReadableAndScrollable" classname="dev.telemachus.display.InternetPairingDialogLayoutInstrumentedTest" time="0.233" />
  <testcase name="regularPortraitCapsTargetAtProductionMaximum" classname="dev.telemachus.display.QRScannerLayoutInstrumentedTest" time="0.002" />
  <testcase name="shortLandscapeKeepsScannerChromeSeparated" classname="dev.telemachus.display.QRScannerLayoutInstrumentedTest" time="0.004" />
  <testcase name="compactPortraitAndLargeTextKeepScannerChromeSeparated" classname="dev.telemachus.display.QRScannerLayoutInstrumentedTest" time="0.043" />
  <testcase name="cameraErrorStateIsReadableAndRecoverable" classname="dev.telemachus.display.QRScannerLayoutInstrumentedTest" time="0.003" />
  <testcase name="permanentlyDeniedCameraStateUsesSettingsAction" classname="dev.telemachus.display.QRScannerLayoutInstrumentedTest" time="0.001" />
  <testcase name="invalidQrStatusStaysReadableAboveTarget" classname="dev.telemachus.display.QRScannerLayoutInstrumentedTest" time="0.002" />
  <testcase name="gestureShortcutChoicesRoundTripThroughSharedPreferences" classname="dev.telemachus.display.GestureShortcutPreferencesInstrumentedTest" time="0.002" />
  <testcase name="offerLayoutKeepsDecisionCopyStructuredForDialogButtons" classname="dev.telemachus.display.FileTransferOfferDialogLayoutInstrumentedTest" time="0.002" />
  <testcase name="narrowAndLargeFontOfferDialogKeepsDecisionContentReadableAndScrollable" classname="dev.telemachus.display.FileTransferOfferDialogLayoutInstrumentedTest" time="0.003" />
  <testcase name="outgoingConfirmationLayoutKeepsPreflightDetailsReadableAndScrollable" classname="dev.telemachus.display.FileTransferOfferDialogLayoutInstrumentedTest" time="0.032" />
  <testcase name="narrowAndLargeFontClipboardConfirmationKeepsContentReadableAndScrollable" classname="dev.telemachus.display.ClipboardConfirmationDialogLayoutInstrumentedTest" time="0.002" />
  <testcase name="clipboardConfirmationCoversSendReceiveAndOverwriteCopy" classname="dev.telemachus.display.ClipboardConfirmationDialogLayoutInstrumentedTest" time="0.001" />
</testsuite>