<?xml version="1.0" encoding="UTF-8"?>
<testsuite name="dev.telemachus.display.QRScannerAccessibilityContractTest" tests="3" skipped="0" failures="0" errors="0" timestamp="2026-09-08T00:12:53" hostname="Mac.local" time="0.002">
  <properties/>
  <testcase name="invalidQrUsesReadableInlineStatus" classname="dev.telemachus.display.QRScannerAccessibilityContractTest" time="0.001"/>
  <testcase name="missingCameraPermissionRequestsThenRecoversOrOpensSettings" classname="dev.telemachus.display.QRScannerAccessibilityContractTest" time="0.0"/>
  <testcase name="cameraBindFailureStaysOnReadableRecoveryState" classname="dev.telemachus.display.QRScannerAccessibilityContractTest" time="0.001"/>
  <system-out><![CDATA[]]></system-out>
  <system-err><![CDATA[]]></system-err>
</testsuite>
