<?xml version='1.0' encoding='UTF-8' ?>
<testsuite name="dev.telemachus.display.ConnectionGuidanceLayoutInstrumentedTest" tests="1" failures="1" errors="0" skipped="0" time="10.801" timestamp="2026-09-08T00:01:23" hostname="localhost">
  <properties>
    <property name="device" value="P0110 - 16" />
    <property name="flavor" value="" />
    <property name="project" value=":app" />
  </properties>
  <testcase name="narrowDisconnectedPanelUsesInlineSettingsButtonWithoutCoveringConnect" classname="dev.telemachus.display.ConnectionGuidanceLayoutInstrumentedTest" time="0.091">
    <failure></failure>
  </testcase>
  <system-err>Test run failed to complete. Instrumentation run failed due to Process crashed.
</system-err>
</testsuite>