<?xml version="1.0" encoding="UTF-8"?>
<testsuite name="dev.telemachus.display.MainActivityTransferReadinessContractTest" tests="4" skipped="0" failures="0" errors="0" timestamp="2026-09-10T11:50:00" hostname="Mac.local" time="0.011">
  <properties/>
  <testcase name="settingsLayoutExposesCompactTransferReadinessCopy" classname="dev.telemachus.display.MainActivityTransferReadinessContractTest" time="0.005"/>
  <testcase name="localManagedPolicySnapshotFeedsNoHostTransferReadiness" classname="dev.telemachus.display.MainActivityTransferReadinessContractTest" time="0.002"/>
  <testcase name="settingsDialogBindsTransferReadinessWithoutTransferSideEffects" classname="dev.telemachus.display.MainActivityTransferReadinessContractTest" time="0.001"/>
  <testcase name="openSettingsTransferReadinessRefreshesAfterTransferStateChanges" classname="dev.telemachus.display.MainActivityTransferReadinessContractTest" time="0.003"/>
  <system-out><![CDATA[]]></system-out>
  <system-err><![CDATA[]]></system-err>
</testsuite>
