<?xml version='1.0' encoding='UTF-8' ?>
<testsuite name="dev.telemachus.display.ShareFileIntentInstrumentedTest" tests="3" failures="0" errors="0" skipped="0" time="3.096" timestamp="2026-09-15T11:27:24" hostname="localhost">
  <properties>
    <property name="device" value="P0110 - 16" />
    <property name="flavor" value="" />
    <property name="project" value=":app" />
  </properties>
  <testcase name="noHostShareRemainsPendingWithoutReadingContentUri" classname="dev.telemachus.display.ShareFileIntentInstrumentedTest" time="0.983" />
  <testcase name="clipDataOnlyShareIsAcceptedWithoutReadingSourceWhenNoHostExists" classname="dev.telemachus.display.ShareFileIntentInstrumentedTest" time="0.759" />
  <testcase name="repeatedShareOfSameUriIsHandledAsANewUserAction" classname="dev.telemachus.display.ShareFileIntentInstrumentedTest" time="0.739" />
</testsuite>